<?xml version="1.0" encoding="UTF-8"?>
<testng-results ignored="0" total="1" passed="1" failed="0" skipped="0">
  <reporter-output>
  </reporter-output>
  <suite started-at="2026-05-13T00:19:24 IST" name="Surefire suite" finished-at="2026-05-13T00:19:29 IST" duration-ms="5323">
    <groups>
    </groups>
    <test started-at="2026-05-13T00:19:24 IST" name="Surefire test" finished-at="2026-05-13T00:19:29 IST" duration-ms="5323">
      <class name="tests.simpleTest">
        <test-method is-config="true" signature="setUpBase()[pri:0, instance:tests.simpleTest@727eb8cb]" started-at="2026-05-13T00:19:24 IST" name="setUpBase" finished-at="2026-05-13T00:19:26 IST" duration-ms="2339" status="PASS">
          <reporter-output>
          </reporter-output>
        </test-method> <!-- setUpBase -->
        <test-method signature="test_SimpleTests()[pri:0, instance:tests.simpleTest@727eb8cb]" started-at="2026-05-13T00:19:26 IST" name="test_SimpleTests" finished-at="2026-05-13T00:19:27 IST" duration-ms="663" status="PASS">
          <reporter-output>
          </reporter-output>
        </test-method> <!-- test_SimpleTests -->
        <test-method is-config="true" signature="tearDownBase()[pri:0, instance:tests.simpleTest@727eb8cb]" started-at="2026-05-13T00:19:27 IST" name="tearDownBase" finished-at="2026-05-13T00:19:29 IST" duration-ms="2280" status="PASS">
          <reporter-output>
          </reporter-output>
        </test-method> <!-- tearDownBase -->
      </class> <!-- tests.simpleTest -->
    </test> <!-- Surefire test -->
  </suite> <!-- Surefire suite -->
</testng-results>
