<?xml version="1.0" encoding="UTF-8"?>
<!-- Generated by org.testng.reporters.JUnitReportReporter -->
<testsuite hostname="RohitSinha" failures="0" tests="3" name="tests.TagsTest" time="16.739" errors="0" timestamp="2026-05-13T00:10:55 IST" skipped="0">
  <testcase classname="tests.TagsTest" name="test_regression" time="7.975"/>
  <testcase classname="tests.TagsTest" name="test_smoke_regression" time="4.364"/>
  <testcase classname="tests.TagsTest" name="test_smoke" time="4.400"/>
</testsuite> <!-- tests.TagsTest -->
